flash_attn not found, install it with `pip install flash_attn` if you want to use it
/mnt/dataset3/nzh/eeg_FM/reve_eeg/src/dt.py:66: IdrTorchWarning: Calling idr_torch only makes sense within a distributed execution but none was detected. You may have forgotten to use a launcher (such as srun). Back to default (non distributed) values
  if idr_torch.is_master or kwargs.pop("force", False):
Loaded external task config: /mnt/dataset3/nzh/eeg_FM/reve_eeg/src/configs/our_tasks/course_mdd_optuna.yaml
Running Optuna with task: MDD
Training mode: ft
Output directory: /mnt/dataset3/nzh/eeg_FM/reve_eeg/outputs/course_project_optuna_seed42_v1/MDD/ft/seed42
Starting optuna search for 10 trials.
Train: 960 | Valid: 640
Total: 1,600
[I 2026-05-22 11:57:25,891] A new study created in memory with name: MDD_ft_seed42
Enqueueing initial trial with params: {'task.classifier.dropout': 0.15, 'task.fine_tuning.optimizer.weight_decay': 0.0001, 'task.fine_tuning.encoder_lr': 8e-06, 'task.fine_tuning.head_lr': 8e-05}
Trial 0 starting with params: {'task.classifier.dropout': 0.15, 'task.fine_tuning.optimizer.weight_decay': 0.0001, 'task.fine_tuning.encoder_lr': 8e-06, 'task.fine_tuning.head_lr': 8e-05}
========== TRIAL_START dataset=MDD mode=ft seed=42 trial=0 device=cuda:0 ==========
Loading encoder from local HF directory: /mnt/dataset3/nzh/eeg_FM/reve_eeg/checkpoints/reve-base
flash_attn not found, install it with `pip install flash_attn` if you want to use it

Loading weights:   0%|          | 0/140 [00:00<?, ?it/s]
Loading weights:   8%|▊         | 11/140 [00:03<00:41,  3.11it/s]
Loading weights:   9%|▊         | 12/140 [00:06<01:21,  1.56it/s]
Loading weights:  19%|█▊        | 26/140 [00:07<00:29,  3.88it/s]
Loading weights:  22%|██▏       | 31/140 [00:08<00:22,  4.94it/s]
Loading weights:  24%|██▎       | 33/140 [00:10<00:32,  3.32it/s]
Loading weights:  25%|██▌       | 35/140 [00:12<00:44,  2.36it/s]
Loading weights:  29%|██▉       | 41/140 [00:14<00:39,  2.52it/s]
Loading weights:  31%|███       | 43/140 [00:15<00:39,  2.44it/s]
Loading weights:  37%|███▋      | 52/140 [00:16<00:23,  3.74it/s]
Loading weights:  39%|███▊      | 54/140 [00:17<00:25,  3.37it/s]
Loading weights:  39%|███▉      | 55/140 [00:18<00:31,  2.66it/s]
Loading weights:  40%|████      | 56/140 [00:20<00:48,  1.73it/s]
Loading weights:  46%|████▋     | 65/140 [00:22<00:27,  2.76it/s]
Loading weights:  51%|█████     | 71/140 [00:23<00:19,  3.58it/s]
Loading weights:  51%|█████▏    | 72/140 [00:24<00:23,  2.85it/s]
Loading weights:  52%|█████▏    | 73/140 [00:27<00:42,  1.58it/s]
Loading weights:  62%|██████▏   | 87/140 [00:29<00:14,  3.67it/s]
Loading weights:  64%|██████▎   | 89/140 [00:29<00:12,  3.94it/s]
Loading weights:  64%|██████▍   | 90/140 [00:31<00:19,  2.58it/s]
Loading weights:  65%|██████▌   | 91/140 [00:35<00:18,  2.68it/s]
Loading weights:  66%|██████▌   | 92/140 [00:35<00:41,  1.15it/s]
Loading weights:  66%|██████▋   | 93/140 [00:37<00:48,  1.03s/it]
Loading weights:  67%|██████▋   | 94/140 [00:38<00:46,  1.02s/it]
Loading weights:  68%|██████▊   | 95/140 [00:39<00:47,  1.05s/it]
Loading weights:  85%|████████▌ | 119/140 [00:40<00:03,  6.01it/s]
Loading weights:  86%|████████▌ | 120/140 [00:42<00:04,  4.62it/s]
Loading weights:  86%|████████▋ | 121/140 [00:44<00:06,  2.92it/s]
Loading weights: 100%|██████████| 140/140 [00:44<00:00,  3.17it/s]
Detected input shape: Chans=20, Timepoints=200
Loading cls_query_token from pretrained REVE weights
>>> Setup Fine-Tuning (FT) for trial 0
Starting training stage: ft for 18 epochs. Device: cuda:0
[MDD][ft][seed42] epoch 001/018 | train_loss=0.570 | train_acc=0.717 | val_loss=0.339 | val_acc=0.853 | val_bal_acc=0.853 | val_macro_f1=0.853 | val_weighted_f1=0.853 | best=0.853 | lr_head=8.0e-05 | lr_encoder=8.0e-06 | time=56s
[MDD][ft][seed42] epoch 002/018 | train_loss=0.311 | train_acc=0.880 | val_loss=0.263 | val_acc=0.895 | val_bal_acc=0.895 | val_macro_f1=0.895 | val_weighted_f1=0.895 | best=0.895 | lr_head=8.0e-05 | lr_encoder=8.0e-06 | time=54s
[MDD][ft][seed42] epoch 003/018 | train_loss=0.188 | train_acc=0.927 | val_loss=0.282 | val_acc=0.894 | val_bal_acc=0.894 | val_macro_f1=0.894 | val_weighted_f1=0.894 | best=0.895 | lr_head=8.0e-05 | lr_encoder=8.0e-06 | time=7s
[MDD][ft][seed42] epoch 004/018 | train_loss=0.104 | train_acc=0.960 | val_loss=0.262 | val_acc=0.920 | val_bal_acc=0.920 | val_macro_f1=0.920 | val_weighted_f1=0.920 | best=0.920 | lr_head=8.0e-05 | lr_encoder=8.0e-06 | time=54s
[MDD][ft][seed42] epoch 005/018 | train_loss=0.050 | train_acc=0.983 | val_loss=0.359 | val_acc=0.900 | val_bal_acc=0.900 | val_macro_f1=0.900 | val_weighted_f1=0.900 | best=0.920 | lr_head=8.0e-05 | lr_encoder=8.0e-06 | time=9s
[MDD][ft][seed42] epoch 006/018 | train_loss=0.041 | train_acc=0.985 | val_loss=0.517 | val_acc=0.895 | val_bal_acc=0.895 | val_macro_f1=0.895 | val_weighted_f1=0.895 | best=0.920 | lr_head=8.0e-05 | lr_encoder=8.0e-06 | time=9s
[MDD][ft][seed42] epoch 007/018 | train_loss=0.027 | train_acc=0.992 | val_loss=0.541 | val_acc=0.906 | val_bal_acc=0.906 | val_macro_f1=0.906 | val_weighted_f1=0.906 | best=0.920 | lr_head=8.0e-05 | lr_encoder=8.0e-06 | time=9s
[MDD][ft][seed42] epoch 008/018 | train_loss=0.028 | train_acc=0.992 | val_loss=0.456 | val_acc=0.908 | val_bal_acc=0.908 | val_macro_f1=0.908 | val_weighted_f1=0.908 | best=0.920 | lr_head=8.0e-05 | lr_encoder=8.0e-06 | time=8s
[MDD][ft][seed42] epoch 009/018 | train_loss=0.002 | train_acc=1.000 | val_loss=0.461 | val_acc=0.908 | val_bal_acc=0.908 | val_macro_f1=0.908 | val_weighted_f1=0.908 | best=0.920 | lr_head=4.0e-05 | lr_encoder=4.0e-06 | time=9s
[MDD][ft][seed42] epoch 010/018 | train_loss=0.000 | train_acc=1.000 | val_loss=0.470 | val_acc=0.909 | val_bal_acc=0.909 | val_macro_f1=0.909 | val_weighted_f1=0.909 | best=0.920 | lr_head=4.0e-05 | lr_encoder=4.0e-06 | time=9s
Stage ft finished due to patience limit.
========== TRIAL_DONE dataset=MDD mode=ft seed=42 trial=0 best_val_bal_acc=0.920 ==========
[I 2026-05-22 12:03:00,443] Trial 0 finished with value: 0.9203125000000001 and parameters: {'task.classifier.dropout': 0.15, 'task.fine_tuning.optimizer.weight_decay': 0.0001, 'task.fine_tuning.encoder_lr': 8e-06, 'task.fine_tuning.head_lr': 8e-05}. Best is trial 0 with value: 0.9203125000000001.
Trial 1 starting with params: {'task.classifier.dropout': 0.24917279350649912, 'task.fine_tuning.optimizer.weight_decay': 4.176741267938282e-05, 'task.fine_tuning.encoder_lr': 8.580381640826525e-06, 'task.fine_tuning.head_lr': 0.0002758752175106341}
========== TRIAL_START dataset=MDD mode=ft seed=42 trial=1 device=cuda:0 ==========
Loading encoder from local HF directory: /mnt/dataset3/nzh/eeg_FM/reve_eeg/checkpoints/reve-base

Loading weights:   0%|          | 0/140 [00:00<?, ?it/s]
Loading weights:   4%|▍         | 6/140 [00:00<00:07, 17.12it/s]
Loading weights:   6%|▌         | 8/140 [00:00<00:13,  9.93it/s]
Loading weights:   8%|▊         | 11/140 [00:02<00:31,  4.09it/s]
Loading weights:  11%|█▏        | 16/140 [00:03<00:30,  4.09it/s]
Loading weights:  12%|█▏        | 17/140 [00:04<00:45,  2.73it/s]
Loading weights:  17%|█▋        | 24/140 [00:04<00:22,  5.17it/s]
Loading weights:  18%|█▊        | 25/140 [00:06<00:30,  3.82it/s]
Loading weights:  19%|█▊        | 26/140 [00:06<00:36,  3.12it/s]
Loading weights:  19%|█▉        | 27/140 [00:07<00:47,  2.37it/s]
Loading weights:  20%|██        | 28/140 [00:08<01:00,  1.84it/s]
Loading weights:  34%|███▍      | 48/140 [00:09<00:10,  9.13it/s]
Loading weights:  37%|███▋      | 52/140 [00:09<00:10,  8.09it/s]
Loading weights:  40%|████      | 56/140 [00:10<00:13,  6.39it/s]
Loading weights:  43%|████▎     | 60/140 [00:11<00:11,  7.04it/s]
Loading weights:  46%|████▌     | 64/140 [00:11<00:10,  6.93it/s]
Loading weights:  49%|████▊     | 68/140 [00:13<00:12,  5.58it/s]
Loading weights:  51%|█████     | 71/140 [00:13<00:11,  5.97it/s]
Loading weights:  51%|█████▏    | 72/140 [00:14<00:17,  3.90it/s]
Loading weights:  58%|█████▊    | 81/140 [00:15<00:08,  6.56it/s]
Loading weights:  59%|█████▊    | 82/140 [00:16<00:13,  4.36it/s]
Loading weights:  64%|██████▎   | 89/140 [00:17<00:10,  5.06it/s]
Loading weights:  64%|██████▍   | 90/140 [00:18<00:13,  3.66it/s]
Loading weights:  72%|███████▏  | 101/140 [00:19<00:07,  5.51it/s]
Loading weights:  73%|███████▎  | 102/140 [00:20<00:07,  5.14it/s]
Loading weights:  80%|████████  | 112/140 [00:21<00:05,  5.46it/s]
Loading weights:  81%|████████  | 113/140 [00:22<00:05,  4.91it/s]
Loading weights:  87%|████████▋ | 122/140 [00:23<00:03,  5.81it/s]
Loading weights:  95%|█████████▌| 133/140 [00:23<00:00,  8.66it/s]
Loading weights: 100%|██████████| 140/140 [00:23<00:00,  5.85it/s]
Detected input shape: Chans=20, Timepoints=200
Loading cls_query_token from pretrained REVE weights
>>> Setup Fine-Tuning (FT) for trial 1
Starting training stage: ft for 18 epochs. Device: cuda:0
[MDD][ft][seed42] epoch 001/018 | train_loss=0.565 | train_acc=0.705 | val_loss=0.333 | val_acc=0.836 | val_bal_acc=0.836 | val_macro_f1=0.835 | val_weighted_f1=0.835 | best=0.836 | lr_head=2.8e-04 | lr_encoder=8.6e-06 | time=51s
[MDD][ft][seed42] epoch 002/018 | train_loss=0.309 | train_acc=0.860 | val_loss=0.279 | val_acc=0.867 | val_bal_acc=0.867 | val_macro_f1=0.867 | val_weighted_f1=0.867 | best=0.867 | lr_head=2.8e-04 | lr_encoder=8.6e-06 | time=59s
[MDD][ft][seed42] epoch 003/018 | train_loss=0.185 | train_acc=0.942 | val_loss=0.370 | val_acc=0.873 | val_bal_acc=0.873 | val_macro_f1=0.873 | val_weighted_f1=0.873 | best=0.873 | lr_head=2.8e-04 | lr_encoder=8.6e-06 | time=53s
[MDD][ft][seed42] epoch 004/018 | train_loss=0.100 | train_acc=0.966 | val_loss=0.301 | val_acc=0.919 | val_bal_acc=0.919 | val_macro_f1=0.919 | val_weighted_f1=0.919 | best=0.919 | lr_head=2.8e-04 | lr_encoder=8.6e-06 | time=50s
[MDD][ft][seed42] epoch 005/018 | train_loss=0.063 | train_acc=0.980 | val_loss=0.426 | val_acc=0.908 | val_bal_acc=0.908 | val_macro_f1=0.908 | val_weighted_f1=0.908 | best=0.919 | lr_head=2.8e-04 | lr_encoder=8.6e-06 | time=7s
[MDD][ft][seed42] epoch 006/018 | train_loss=0.051 | train_acc=0.984 | val_loss=0.478 | val_acc=0.898 | val_bal_acc=0.898 | val_macro_f1=0.898 | val_weighted_f1=0.898 | best=0.919 | lr_head=2.8e-04 | lr_encoder=8.6e-06 | time=6s
[MDD][ft][seed42] epoch 007/018 | train_loss=0.033 | train_acc=0.995 | val_loss=0.443 | val_acc=0.917 | val_bal_acc=0.917 | val_macro_f1=0.917 | val_weighted_f1=0.917 | best=0.919 | lr_head=2.8e-04 | lr_encoder=8.6e-06 | time=6s
[MDD][ft][seed42] epoch 008/018 | train_loss=0.007 | train_acc=0.996 | val_loss=0.509 | val_acc=0.903 | val_bal_acc=0.903 | val_macro_f1=0.903 | val_weighted_f1=0.903 | best=0.919 | lr_head=2.8e-04 | lr_encoder=8.6e-06 | time=6s
[MDD][ft][seed42] epoch 009/018 | train_loss=0.009 | train_acc=0.994 | val_loss=0.497 | val_acc=0.923 | val_bal_acc=0.923 | val_macro_f1=0.923 | val_weighted_f1=0.923 | best=0.923 | lr_head=1.4e-04 | lr_encoder=4.3e-06 | time=53s
[MDD][ft][seed42] epoch 010/018 | train_loss=0.010 | train_acc=0.996 | val_loss=0.562 | val_acc=0.914 | val_bal_acc=0.914 | val_macro_f1=0.914 | val_weighted_f1=0.914 | best=0.923 | lr_head=1.4e-04 | lr_encoder=4.3e-06 | time=9s
[MDD][ft][seed42] epoch 011/018 | train_loss=0.023 | train_acc=0.996 | val_loss=0.518 | val_acc=0.930 | val_bal_acc=0.930 | val_macro_f1=0.930 | val_weighted_f1=0.930 | best=0.930 | lr_head=1.4e-04 | lr_encoder=4.3e-06 | time=57s
[MDD][ft][seed42] epoch 012/018 | train_loss=0.017 | train_acc=0.996 | val_loss=0.569 | val_acc=0.911 | val_bal_acc=0.911 | val_macro_f1=0.911 | val_weighted_f1=0.911 | best=0.930 | lr_head=1.4e-04 | lr_encoder=4.3e-06 | time=7s
[MDD][ft][seed42] epoch 013/018 | train_loss=0.008 | train_acc=0.999 | val_loss=0.516 | val_acc=0.925 | val_bal_acc=0.925 | val_macro_f1=0.925 | val_weighted_f1=0.925 | best=0.930 | lr_head=1.4e-04 | lr_encoder=4.3e-06 | time=9s
[MDD][ft][seed42] epoch 014/018 | train_loss=0.008 | train_acc=0.999 | val_loss=0.545 | val_acc=0.920 | val_bal_acc=0.920 | val_macro_f1=0.920 | val_weighted_f1=0.920 | best=0.930 | lr_head=1.4e-04 | lr_encoder=4.3e-06 | time=8s
[MDD][ft][seed42] epoch 015/018 | train_loss=0.003 | train_acc=0.999 | val_loss=0.592 | val_acc=0.919 | val_bal_acc=0.919 | val_macro_f1=0.919 | val_weighted_f1=0.919 | best=0.930 | lr_head=1.4e-04 | lr_encoder=4.3e-06 | time=8s
[MDD][ft][seed42] epoch 016/018 | train_loss=0.001 | train_acc=1.000 | val_loss=0.610 | val_acc=0.916 | val_bal_acc=0.916 | val_macro_f1=0.916 | val_weighted_f1=0.916 | best=0.930 | lr_head=6.9e-05 | lr_encoder=2.1e-06 | time=9s
[MDD][ft][seed42] epoch 017/018 | train_loss=0.000 | train_acc=1.000 | val_loss=0.583 | val_acc=0.917 | val_bal_acc=0.917 | val_macro_f1=0.917 | val_weighted_f1=0.917 | best=0.930 | lr_head=6.9e-05 | lr_encoder=2.1e-06 | time=9s
Stage ft finished due to patience limit.
========== TRIAL_DONE dataset=MDD mode=ft seed=42 trial=1 best_val_bal_acc=0.930 ==========
[I 2026-05-22 12:11:19,560] Trial 1 finished with value: 0.9296875 and parameters: {'task.classifier.dropout': 0.24917279350649912, 'task.fine_tuning.optimizer.weight_decay': 4.176741267938282e-05, 'task.fine_tuning.encoder_lr': 8.580381640826525e-06, 'task.fine_tuning.head_lr': 0.0002758752175106341}. Best is trial 1 with value: 0.9296875.
Trial 2 starting with params: {'task.classifier.dropout': 0.3441610493011138, 'task.fine_tuning.optimizer.weight_decay': 0.004118177963244165, 'task.fine_tuning.encoder_lr': 1.0655342928537133e-05, 'task.fine_tuning.head_lr': 0.00015309566956566174}
========== TRIAL_START dataset=MDD mode=ft seed=42 trial=2 device=cuda:0 ==========
Loading encoder from local HF directory: /mnt/dataset3/nzh/eeg_FM/reve_eeg/checkpoints/reve-base

Loading weights:   0%|          | 0/140 [00:00<?, ?it/s]
Loading weights:   6%|▌         | 8/140 [00:00<00:14,  9.27it/s]
Loading weights:   9%|▊         | 12/140 [00:04<00:58,  2.18it/s]
Loading weights:   9%|▉         | 13/140 [00:05<00:56,  2.23it/s]
Loading weights:  19%|█▊        | 26/140 [00:06<00:22,  5.07it/s]
Loading weights:  25%|██▌       | 35/140 [00:07<00:16,  6.20it/s]
Loading weights:  27%|██▋       | 38/140 [00:07<00:16,  6.19it/s]
Loading weights:  31%|███       | 43/140 [00:08<00:14,  6.66it/s]
Loading weights:  31%|███▏      | 44/140 [00:08<00:16,  5.70it/s]
Loading weights:  36%|███▌      | 50/140 [00:09<00:16,  5.60it/s]
Loading weights:  36%|███▋      | 51/140 [00:10<00:19,  4.67it/s]
Loading weights:  43%|████▎     | 60/140 [00:11<00:14,  5.60it/s]
Loading weights:  44%|████▎     | 61/140 [00:12<00:15,  5.17it/s]
Loading weights:  46%|████▋     | 65/140 [00:12<00:13,  5.54it/s]
Loading weights:  51%|█████     | 71/140 [00:12<00:08,  8.53it/s]
Loading weights:  53%|█████▎    | 74/140 [00:13<00:07,  8.43it/s]
Loading weights:  54%|█████▍    | 76/140 [00:15<00:15,  4.08it/s]
Loading weights:  56%|█████▌    | 78/140 [00:16<00:18,  3.27it/s]
Loading weights:  64%|██████▍   | 90/140 [00:16<00:05,  8.38it/s]
Loading weights:  67%|██████▋   | 94/140 [00:17<00:06,  6.74it/s]
Loading weights:  69%|██████▉   | 97/140 [00:17<00:06,  6.60it/s]
Loading weights:  71%|███████▏  | 100/140 [00:18<00:06,  5.84it/s]
Loading weights:  74%|███████▍  | 104/140 [00:18<00:05,  6.74it/s]
Loading weights:  76%|███████▌  | 106/140 [00:20<00:09,  3.69it/s]
Loading weights:  77%|███████▋  | 108/140 [00:22<00:13,  2.30it/s]
Loading weights:  78%|███████▊  | 109/140 [00:23<00:14,  2.19it/s]
Loading weights:  94%|█████████▎| 131/140 [00:23<00:00,  9.04it/s]
Loading weights: 100%|██████████| 140/140 [00:23<00:00,  5.89it/s]
Detected input shape: Chans=20, Timepoints=200
Loading cls_query_token from pretrained REVE weights
>>> Setup Fine-Tuning (FT) for trial 2
Starting training stage: ft for 18 epochs. Device: cuda:0
[MDD][ft][seed42] epoch 001/018 | train_loss=0.556 | train_acc=0.711 | val_loss=0.289 | val_acc=0.872 | val_bal_acc=0.872 | val_macro_f1=0.871 | val_weighted_f1=0.871 | best=0.872 | lr_head=1.5e-04 | lr_encoder=1.1e-05 | time=51s
[MDD][ft][seed42] epoch 002/018 | train_loss=0.283 | train_acc=0.893 | val_loss=0.291 | val_acc=0.889 | val_bal_acc=0.889 | val_macro_f1=0.889 | val_weighted_f1=0.889 | best=0.889 | lr_head=1.5e-04 | lr_encoder=1.1e-05 | time=55s
[MDD][ft][seed42] epoch 003/018 | train_loss=0.133 | train_acc=0.949 | val_loss=0.267 | val_acc=0.916 | val_bal_acc=0.916 | val_macro_f1=0.916 | val_weighted_f1=0.916 | best=0.916 | lr_head=1.5e-04 | lr_encoder=1.1e-05 | time=47s
[MDD][ft][seed42] epoch 004/018 | train_loss=0.076 | train_acc=0.975 | val_loss=0.349 | val_acc=0.916 | val_bal_acc=0.916 | val_macro_f1=0.916 | val_weighted_f1=0.916 | best=0.916 | lr_head=1.5e-04 | lr_encoder=1.1e-05 | time=9s
[MDD][ft][seed42] epoch 005/018 | train_loss=0.060 | train_acc=0.985 | val_loss=0.362 | val_acc=0.927 | val_bal_acc=0.927 | val_macro_f1=0.927 | val_weighted_f1=0.927 | best=0.927 | lr_head=1.5e-04 | lr_encoder=1.1e-05 | time=53s
[MDD][ft][seed42] epoch 006/018 | train_loss=0.035 | train_acc=0.986 | val_loss=0.399 | val_acc=0.925 | val_bal_acc=0.925 | val_macro_f1=0.925 | val_weighted_f1=0.925 | best=0.927 | lr_head=1.5e-04 | lr_encoder=1.1e-05 | time=7s
[MDD][ft][seed42] epoch 007/018 | train_loss=0.032 | train_acc=0.989 | val_loss=0.468 | val_acc=0.916 | val_bal_acc=0.916 | val_macro_f1=0.916 | val_weighted_f1=0.916 | best=0.927 | lr_head=1.5e-04 | lr_encoder=1.1e-05 | time=8s
[MDD][ft][seed42] epoch 008/018 | train_loss=0.013 | train_acc=0.997 | val_loss=0.541 | val_acc=0.908 | val_bal_acc=0.908 | val_macro_f1=0.908 | val_weighted_f1=0.908 | best=0.927 | lr_head=1.5e-04 | lr_encoder=1.1e-05 | time=8s
[MDD][ft][seed42] epoch 009/018 | train_loss=0.020 | train_acc=0.995 | val_loss=0.520 | val_acc=0.906 | val_bal_acc=0.906 | val_macro_f1=0.906 | val_weighted_f1=0.906 | best=0.927 | lr_head=1.5e-04 | lr_encoder=1.1e-05 | time=7s
[MDD][ft][seed42] epoch 010/018 | train_loss=0.004 | train_acc=0.998 | val_loss=0.519 | val_acc=0.919 | val_bal_acc=0.919 | val_macro_f1=0.919 | val_weighted_f1=0.919 | best=0.927 | lr_head=7.7e-05 | lr_encoder=5.3e-06 | time=15s
[MDD][ft][seed42] epoch 011/018 | train_loss=0.000 | train_acc=1.000 | val_loss=0.454 | val_acc=0.936 | val_bal_acc=0.936 | val_macro_f1=0.936 | val_weighted_f1=0.936 | best=0.936 | lr_head=7.7e-05 | lr_encoder=5.3e-06 | time=67s
[MDD][ft][seed42] epoch 012/018 | train_loss=0.000 | train_acc=1.000 | val_loss=0.471 | val_acc=0.928 | val_bal_acc=0.928 | val_macro_f1=0.928 | val_weighted_f1=0.928 | best=0.936 | lr_head=7.7e-05 | lr_encoder=5.3e-06 | time=22s
[MDD][ft][seed42] epoch 013/018 | train_loss=0.000 | train_acc=1.000 | val_loss=0.474 | val_acc=0.928 | val_bal_acc=0.928 | val_macro_f1=0.928 | val_weighted_f1=0.928 | best=0.936 | lr_head=7.7e-05 | lr_encoder=5.3e-06 | time=19s
[MDD][ft][seed42] epoch 014/018 | train_loss=0.000 | train_acc=1.000 | val_loss=0.479 | val_acc=0.930 | val_bal_acc=0.930 | val_macro_f1=0.930 | val_weighted_f1=0.930 | best=0.936 | lr_head=7.7e-05 | lr_encoder=5.3e-06 | time=9s
[MDD][ft][seed42] epoch 015/018 | train_loss=0.000 | train_acc=1.000 | val_loss=0.486 | val_acc=0.928 | val_bal_acc=0.928 | val_macro_f1=0.928 | val_weighted_f1=0.928 | best=0.936 | lr_head=7.7e-05 | lr_encoder=5.3e-06 | time=8s
[MDD][ft][seed42] epoch 016/018 | train_loss=0.000 | train_acc=1.000 | val_loss=0.488 | val_acc=0.928 | val_bal_acc=0.928 | val_macro_f1=0.928 | val_weighted_f1=0.928 | best=0.936 | lr_head=3.8e-05 | lr_encoder=2.7e-06 | time=21s
[MDD][ft][seed42] epoch 017/018 | train_loss=0.000 | train_acc=1.000 | val_loss=0.492 | val_acc=0.928 | val_bal_acc=0.928 | val_macro_f1=0.928 | val_weighted_f1=0.928 | best=0.936 | lr_head=3.8e-05 | lr_encoder=2.7e-06 | time=23s
Stage ft finished due to patience limit.
========== TRIAL_DONE dataset=MDD mode=ft seed=42 trial=2 best_val_bal_acc=0.936 ==========
[I 2026-05-22 12:19:58,699] Trial 2 finished with value: 0.9359375 and parameters: {'task.classifier.dropout': 0.3441610493011138, 'task.fine_tuning.optimizer.weight_decay': 0.004118177963244165, 'task.fine_tuning.encoder_lr': 1.0655342928537133e-05, 'task.fine_tuning.head_lr': 0.00015309566956566174}. Best is trial 2 with value: 0.9359375.
Trial 3 starting with params: {'task.classifier.dropout': 0.2906498549643009, 'task.fine_tuning.optimizer.weight_decay': 0.0005486528048017606, 'task.fine_tuning.encoder_lr': 1.6716574927346886e-06, 'task.fine_tuning.head_lr': 4.000447125210823e-05}
========== TRIAL_START dataset=MDD mode=ft seed=42 trial=3 device=cuda:0 ==========
Loading encoder from local HF directory: /mnt/dataset3/nzh/eeg_FM/reve_eeg/checkpoints/reve-base

Loading weights:   0%|          | 0/140 [00:00<?, ?it/s]
Loading weights:   6%|▌         | 8/140 [00:02<00:38,  3.40it/s]
Loading weights:   6%|▋         | 9/140 [00:02<00:40,  3.27it/s]
Loading weights:   7%|▋         | 10/140 [00:03<01:00,  2.14it/s]
Loading weights:  11%|█         | 15/140 [00:04<00:36,  3.45it/s]
Loading weights:  11%|█▏        | 16/140 [00:05<00:42,  2.89it/s]
Loading weights:  12%|█▏        | 17/140 [00:05<00:47,  2.57it/s]
Loading weights:  16%|█▌        | 22/140 [00:06<00:27,  4.31it/s]
Loading weights:  16%|█▋        | 23/140 [00:07<00:32,  3.55it/s]
Loading weights:  17%|█▋        | 24/140 [00:08<00:47,  2.43it/s]
Loading weights:  34%|███▍      | 48/140 [00:08<00:07, 12.36it/s]
Loading weights:  37%|███▋      | 52/140 [00:10<00:11,  7.86it/s]
Loading weights:  39%|███▊      | 54/140 [00:11<00:15,  5.64it/s]
Loading weights:  39%|███▉      | 55/140 [00:12<00:19,  4.29it/s]
Loading weights:  40%|████      | 56/140 [00:13<00:26,  3.12it/s]
Loading weights:  44%|████▍     | 62/140 [00:15<00:24,  3.12it/s]
Loading weights:  45%|████▌     | 63/140 [00:16<00:29,  2.60it/s]
Loading weights:  53%|█████▎    | 74/140 [00:19<00:22,  2.97it/s]
Loading weights:  59%|█████▉    | 83/140 [00:21<00:16,  3.37it/s]
Loading weights:  60%|██████    | 84/140 [00:22<00:18,  2.96it/s]
Loading weights:  66%|██████▌   | 92/140 [00:24<00:14,  3.23it/s]
Loading weights:  66%|██████▋   | 93/140 [00:26<00:17,  2.71it/s]
Loading weights:  72%|███████▏  | 101/140 [00:28<00:12,  3.07it/s]
Loading weights:  76%|███████▋  | 107/140 [00:31<00:12,  2.58it/s]
Loading weights:  77%|███████▋  | 108/140 [00:32<00:14,  2.25it/s]
Loading weights:  84%|████████▍ | 118/140 [00:33<00:05,  3.71it/s]
Loading weights:  87%|████████▋ | 122/140 [00:36<00:06,  2.81it/s]
Loading weights:  88%|████████▊ | 123/140 [00:36<00:06,  2.61it/s]
Loading weights: 100%|██████████| 140/140 [00:36<00:00,  3.79it/s]
Detected input shape: Chans=20, Timepoints=200
Loading cls_query_token from pretrained REVE weights
>>> Setup Fine-Tuning (FT) for trial 3
Starting training stage: ft for 18 epochs. Device: cuda:0
[MDD][ft][seed42] epoch 001/018 | train_loss=0.754 | train_acc=0.531 | val_loss=0.588 | val_acc=0.783 | val_bal_acc=0.783 | val_macro_f1=0.778 | val_weighted_f1=0.778 | best=0.783 | lr_head=4.0e-05 | lr_encoder=1.7e-06 | time=74s
[MDD][ft][seed42] epoch 002/018 | train_loss=0.575 | train_acc=0.708 | val_loss=0.461 | val_acc=0.844 | val_bal_acc=0.844 | val_macro_f1=0.844 | val_weighted_f1=0.844 | best=0.844 | lr_head=4.0e-05 | lr_encoder=1.7e-06 | time=50s
[MDD][ft][seed42] epoch 003/018 | train_loss=0.489 | train_acc=0.771 | val_loss=0.378 | val_acc=0.844 | val_bal_acc=0.844 | val_macro_f1=0.843 | val_weighted_f1=0.843 | best=0.844 | lr_head=4.0e-05 | lr_encoder=1.7e-06 | time=7s
[MDD][ft][seed42] epoch 004/018 | train_loss=0.396 | train_acc=0.824 | val_loss=0.332 | val_acc=0.869 | val_bal_acc=0.869 | val_macro_f1=0.869 | val_weighted_f1=0.869 | best=0.869 | lr_head=4.0e-05 | lr_encoder=1.7e-06 | time=51s
[MDD][ft][seed42] epoch 005/018 | train_loss=0.339 | train_acc=0.869 | val_loss=0.299 | val_acc=0.875 | val_bal_acc=0.875 | val_macro_f1=0.875 | val_weighted_f1=0.875 | best=0.875 | lr_head=4.0e-05 | lr_encoder=1.7e-06 | time=49s
[MDD][ft][seed42] epoch 006/018 | train_loss=0.271 | train_acc=0.896 | val_loss=0.274 | val_acc=0.891 | val_bal_acc=0.891 | val_macro_f1=0.891 | val_weighted_f1=0.891 | best=0.891 | lr_head=4.0e-05 | lr_encoder=1.7e-06 | time=49s
[MDD][ft][seed42] epoch 007/018 | train_loss=0.214 | train_acc=0.923 | val_loss=0.274 | val_acc=0.884 | val_bal_acc=0.884 | val_macro_f1=0.884 | val_weighted_f1=0.884 | best=0.891 | lr_head=4.0e-05 | lr_encoder=1.7e-06 | time=7s
[MDD][ft][seed42] epoch 008/018 | train_loss=0.170 | train_acc=0.938 | val_loss=0.272 | val_acc=0.889 | val_bal_acc=0.889 | val_macro_f1=0.889 | val_weighted_f1=0.889 | best=0.891 | lr_head=4.0e-05 | lr_encoder=1.7e-06 | time=7s
[MDD][ft][seed42] epoch 009/018 | train_loss=0.130 | train_acc=0.959 | val_loss=0.272 | val_acc=0.898 | val_bal_acc=0.898 | val_macro_f1=0.898 | val_weighted_f1=0.898 | best=0.898 | lr_head=4.0e-05 | lr_encoder=1.7e-06 | time=50s
[MDD][ft][seed42] epoch 010/018 | train_loss=0.092 | train_acc=0.972 | val_loss=0.293 | val_acc=0.894 | val_bal_acc=0.894 | val_macro_f1=0.894 | val_weighted_f1=0.894 | best=0.898 | lr_head=4.0e-05 | lr_encoder=1.7e-06 | time=7s
[MDD][ft][seed42] epoch 011/018 | train_loss=0.072 | train_acc=0.980 | val_loss=0.306 | val_acc=0.900 | val_bal_acc=0.900 | val_macro_f1=0.900 | val_weighted_f1=0.900 | best=0.900 | lr_head=4.0e-05 | lr_encoder=1.7e-06 | time=51s
[MDD][ft][seed42] epoch 012/018 | train_loss=0.045 | train_acc=0.989 | val_loss=0.303 | val_acc=0.898 | val_bal_acc=0.898 | val_macro_f1=0.898 | val_weighted_f1=0.898 | best=0.900 | lr_head=4.0e-05 | lr_encoder=1.7e-06 | time=8s
[MDD][ft][seed42] epoch 013/018 | train_loss=0.033 | train_acc=0.993 | val_loss=0.373 | val_acc=0.895 | val_bal_acc=0.895 | val_macro_f1=0.895 | val_weighted_f1=0.895 | best=0.900 | lr_head=4.0e-05 | lr_encoder=1.7e-06 | time=7s
[MDD][ft][seed42] epoch 014/018 | train_loss=0.027 | train_acc=0.994 | val_loss=0.379 | val_acc=0.900 | val_bal_acc=0.900 | val_macro_f1=0.900 | val_weighted_f1=0.900 | best=0.900 | lr_head=4.0e-05 | lr_encoder=1.7e-06 | time=50s
[MDD][ft][seed42] epoch 015/018 | train_loss=0.027 | train_acc=0.992 | val_loss=0.418 | val_acc=0.900 | val_bal_acc=0.900 | val_macro_f1=0.900 | val_weighted_f1=0.900 | best=0.900 | lr_head=4.0e-05 | lr_encoder=1.7e-06 | time=5s
[MDD][ft][seed42] epoch 016/018 | train_loss=0.015 | train_acc=0.994 | val_loss=0.452 | val_acc=0.892 | val_bal_acc=0.892 | val_macro_f1=0.892 | val_weighted_f1=0.892 | best=0.900 | lr_head=2.0e-05 | lr_encoder=8.4e-07 | time=6s
[MDD][ft][seed42] epoch 017/018 | train_loss=0.016 | train_acc=0.995 | val_loss=0.432 | val_acc=0.897 | val_bal_acc=0.897 | val_macro_f1=0.897 | val_weighted_f1=0.897 | best=0.900 | lr_head=2.0e-05 | lr_encoder=8.4e-07 | time=7s
[MDD][ft][seed42] epoch 018/018 | train_loss=0.012 | train_acc=0.995 | val_loss=0.440 | val_acc=0.900 | val_bal_acc=0.900 | val_macro_f1=0.900 | val_weighted_f1=0.900 | best=0.900 | lr_head=2.0e-05 | lr_encoder=8.4e-07 | time=8s
========== TRIAL_DONE dataset=MDD mode=ft seed=42 trial=3 best_val_bal_acc=0.900 ==========
[I 2026-05-22 12:29:58,125] Trial 3 finished with value: 0.9 and parameters: {'task.classifier.dropout': 0.2906498549643009, 'task.fine_tuning.optimizer.weight_decay': 0.0005486528048017606, 'task.fine_tuning.encoder_lr': 1.6716574927346886e-06, 'task.fine_tuning.head_lr': 4.000447125210823e-05}. Best is trial 2 with value: 0.9359375.
Trial 4 starting with params: {'task.classifier.dropout': 0.3089859344369982, 'task.fine_tuning.optimizer.weight_decay': 0.0029231550182769296, 'task.fine_tuning.encoder_lr': 2.6500545756900594e-06, 'task.fine_tuning.head_lr': 3.5802916677009446e-05}
========== TRIAL_START dataset=MDD mode=ft seed=42 trial=4 device=cuda:0 ==========
Loading encoder from local HF directory: /mnt/dataset3/nzh/eeg_FM/reve_eeg/checkpoints/reve-base

Loading weights:   0%|          | 0/140 [00:00<?, ?it/s]
Loading weights:   7%|▋         | 10/140 [00:01<00:18,  6.91it/s]
Loading weights:   8%|▊         | 11/140 [00:01<00:20,  6.31it/s]
Loading weights:   9%|▊         | 12/140 [00:07<02:16,  1.07s/it]
Loading weights:  17%|█▋        | 24/140 [00:09<00:44,  2.61it/s]
Loading weights:  19%|█▊        | 26/140 [00:11<00:55,  2.07it/s]
Loading weights:  26%|██▌       | 36/140 [00:13<00:35,  2.90it/s]
Loading weights:  27%|██▋       | 38/140 [00:17<00:58,  1.74it/s]
Loading weights:  38%|███▊      | 53/140 [00:19<00:28,  3.08it/s]
Loading weights:  42%|████▏     | 59/140 [00:22<00:26,  3.01it/s]
Loading weights:  46%|████▋     | 65/140 [00:24<00:25,  2.95it/s]
Loading weights:  52%|█████▏    | 73/140 [00:24<00:17,  3.89it/s]
Loading weights:  53%|█████▎    | 74/140 [00:28<00:29,  2.26it/s]
Loading weights:  61%|██████    | 85/140 [00:30<00:16,  3.24it/s]
Loading weights:  61%|██████▏   | 86/140 [00:30<00:16,  3.28it/s]
Loading weights:  62%|██████▏   | 87/140 [00:31<00:17,  2.97it/s]
Loading weights:  63%|██████▎   | 88/140 [00:33<00:26,  1.94it/s]
Loading weights:  66%|██████▌   | 92/140 [00:34<00:20,  2.30it/s]
Loading weights:  74%|███████▎  | 103/140 [00:35<00:08,  4.33it/s]
Loading weights:  76%|███████▌  | 106/140 [00:36<00:08,  3.82it/s]
Loading weights:  77%|███████▋  | 108/140 [00:39<00:12,  2.50it/s]
Loading weights:  82%|████████▏ | 115/140 [00:40<00:08,  2.89it/s]
Loading weights:  86%|████████▌ | 120/140 [00:41<00:05,  3.33it/s]
Loading weights:  86%|████████▋ | 121/140 [00:44<00:08,  2.15it/s]
Loading weights:  90%|█████████ | 126/140 [00:45<00:05,  2.74it/s]
Loading weights: 100%|██████████| 140/140 [00:45<00:00,  3.09it/s]
Detected input shape: Chans=20, Timepoints=200
Loading cls_query_token from pretrained REVE weights
>>> Setup Fine-Tuning (FT) for trial 4
Starting training stage: ft for 18 epochs. Device: cuda:0
[MDD][ft][seed42] epoch 001/018 | train_loss=0.731 | train_acc=0.559 | val_loss=0.526 | val_acc=0.822 | val_bal_acc=0.822 | val_macro_f1=0.822 | val_weighted_f1=0.822 | best=0.822 | lr_head=3.6e-05 | lr_encoder=2.7e-06 | time=52s
[MDD][ft][seed42] epoch 002/018 | train_loss=0.509 | train_acc=0.761 | val_loss=0.394 | val_acc=0.833 | val_bal_acc=0.833 | val_macro_f1=0.833 | val_weighted_f1=0.833 | best=0.833 | lr_head=3.6e-05 | lr_encoder=2.7e-06 | time=51s
[MDD][ft][seed42] epoch 003/018 | train_loss=0.376 | train_acc=0.836 | val_loss=0.329 | val_acc=0.841 | val_bal_acc=0.841 | val_macro_f1=0.840 | val_weighted_f1=0.840 | best=0.841 | lr_head=3.6e-05 | lr_encoder=2.7e-06 | time=52s
[MDD][ft][seed42] epoch 004/018 | train_loss=0.288 | train_acc=0.887 | val_loss=0.288 | val_acc=0.886 | val_bal_acc=0.886 | val_macro_f1=0.886 | val_weighted_f1=0.886 | best=0.886 | lr_head=3.6e-05 | lr_encoder=2.7e-06 | time=48s
[MDD][ft][seed42] epoch 005/018 | train_loss=0.216 | train_acc=0.920 | val_loss=0.278 | val_acc=0.891 | val_bal_acc=0.891 | val_macro_f1=0.891 | val_weighted_f1=0.891 | best=0.891 | lr_head=3.6e-05 | lr_encoder=2.7e-06 | time=50s
[MDD][ft][seed42] epoch 006/018 | train_loss=0.150 | train_acc=0.950 | val_loss=0.289 | val_acc=0.898 | val_bal_acc=0.898 | val_macro_f1=0.898 | val_weighted_f1=0.898 | best=0.898 | lr_head=3.6e-05 | lr_encoder=2.7e-06 | time=54s
[MDD][ft][seed42] epoch 007/018 | train_loss=0.107 | train_acc=0.965 | val_loss=0.291 | val_acc=0.903 | val_bal_acc=0.903 | val_macro_f1=0.903 | val_weighted_f1=0.903 | best=0.903 | lr_head=3.6e-05 | lr_encoder=2.7e-06 | time=51s
[MDD][ft][seed42] epoch 008/018 | train_loss=0.070 | train_acc=0.976 | val_loss=0.333 | val_acc=0.900 | val_bal_acc=0.900 | val_macro_f1=0.900 | val_weighted_f1=0.900 | best=0.903 | lr_head=3.6e-05 | lr_encoder=2.7e-06 | time=6s
[MDD][ft][seed42] epoch 009/018 | train_loss=0.046 | train_acc=0.986 | val_loss=0.396 | val_acc=0.898 | val_bal_acc=0.898 | val_macro_f1=0.898 | val_weighted_f1=0.898 | best=0.903 | lr_head=3.6e-05 | lr_encoder=2.7e-06 | time=6s
[MDD][ft][seed42] epoch 010/018 | train_loss=0.033 | train_acc=0.990 | val_loss=0.409 | val_acc=0.898 | val_bal_acc=0.898 | val_macro_f1=0.898 | val_weighted_f1=0.898 | best=0.903 | lr_head=3.6e-05 | lr_encoder=2.7e-06 | time=6s
[MDD][ft][seed42] epoch 011/018 | train_loss=0.020 | train_acc=0.994 | val_loss=0.445 | val_acc=0.900 | val_bal_acc=0.900 | val_macro_f1=0.900 | val_weighted_f1=0.900 | best=0.903 | lr_head=3.6e-05 | lr_encoder=2.7e-06 | time=7s
[MDD][ft][seed42] epoch 012/018 | train_loss=0.016 | train_acc=0.994 | val_loss=0.464 | val_acc=0.900 | val_bal_acc=0.900 | val_macro_f1=0.900 | val_weighted_f1=0.900 | best=0.903 | lr_head=1.8e-05 | lr_encoder=1.3e-06 | time=7s
[MDD][ft][seed42] epoch 013/018 | train_loss=0.007 | train_acc=0.999 | val_loss=0.499 | val_acc=0.903 | val_bal_acc=0.903 | val_macro_f1=0.903 | val_weighted_f1=0.903 | best=0.903 | lr_head=1.8e-05 | lr_encoder=1.3e-06 | time=9s
Stage ft finished due to patience limit.
========== TRIAL_DONE dataset=MDD mode=ft seed=42 trial=4 best_val_bal_acc=0.903 ==========
[I 2026-05-22 12:38:21,211] Trial 4 finished with value: 0.903125 and parameters: {'task.classifier.dropout': 0.3089859344369982, 'task.fine_tuning.optimizer.weight_decay': 0.0029231550182769296, 'task.fine_tuning.encoder_lr': 2.6500545756900594e-06, 'task.fine_tuning.head_lr': 3.5802916677009446e-05}. Best is trial 2 with value: 0.9359375.
Trial 5 starting with params: {'task.classifier.dropout': 0.19755873472654634, 'task.fine_tuning.optimizer.weight_decay': 0.0011806102337927084, 'task.fine_tuning.encoder_lr': 5.892993052437516e-06, 'task.fine_tuning.head_lr': 0.0003882993051897628}
========== TRIAL_START dataset=MDD mode=ft seed=42 trial=5 device=cuda:0 ==========
Loading encoder from local HF directory: /mnt/dataset3/nzh/eeg_FM/reve_eeg/checkpoints/reve-base

Loading weights:   0%|          | 0/140 [00:00<?, ?it/s]
Loading weights:   4%|▎         | 5/140 [00:00<00:18,  7.26it/s]
Loading weights:   6%|▋         | 9/140 [00:01<00:21,  6.16it/s]
Loading weights:   7%|▋         | 10/140 [00:01<00:24,  5.38it/s]
Loading weights:   9%|▊         | 12/140 [00:02<00:30,  4.13it/s]
Loading weights:   9%|▉         | 13/140 [00:05<01:31,  1.39it/s]
Loading weights:  14%|█▍        | 20/140 [00:06<00:39,  3.04it/s]
Loading weights:  16%|█▋        | 23/140 [00:06<00:36,  3.17it/s]
Loading weights:  17%|█▋        | 24/140 [00:08<00:57,  2.01it/s]
Loading weights:  21%|██        | 29/140 [00:10<00:42,  2.62it/s]
Loading weights:  31%|███▏      | 44/140 [00:11<00:16,  5.65it/s]
Loading weights:  32%|███▏      | 45/140 [00:11<00:17,  5.29it/s]
Loading weights:  34%|███▍      | 48/140 [00:13<00:25,  3.65it/s]
Loading weights:  42%|████▏     | 59/140 [00:13<00:13,  6.22it/s]
Loading weights:  43%|████▎     | 60/140 [00:14<00:15,  5.30it/s]
Loading weights:  47%|████▋     | 66/140 [00:14<00:10,  6.93it/s]
Loading weights:  49%|████▊     | 68/140 [00:16<00:14,  4.82it/s]
Loading weights:  54%|█████▍    | 76/140 [00:17<00:11,  5.69it/s]
Loading weights:  57%|█████▋    | 80/140 [00:18<00:14,  4.23it/s]
Loading weights:  64%|██████▍   | 90/140 [00:20<00:09,  5.45it/s]
Loading weights:  67%|██████▋   | 94/140 [00:20<00:07,  6.08it/s]
Loading weights:  68%|██████▊   | 95/140 [00:21<00:10,  4.35it/s]
Loading weights:  71%|███████▏  | 100/140 [00:22<00:07,  5.16it/s]
Loading weights:  73%|███████▎  | 102/140 [00:22<00:07,  4.95it/s]
Loading weights:  79%|███████▉  | 111/140 [00:24<00:05,  5.11it/s]
Loading weights:  84%|████████▍ | 118/140 [00:24<00:03,  6.64it/s]
Loading weights:  91%|█████████ | 127/140 [00:26<00:02,  6.02it/s]
Loading weights: 100%|██████████| 140/140 [00:26<00:00,  5.26it/s]
Detected input shape: Chans=20, Timepoints=200
Loading cls_query_token from pretrained REVE weights
>>> Setup Fine-Tuning (FT) for trial 5
Starting training stage: ft for 18 epochs. Device: cuda:0
[MDD][ft][seed42] epoch 001/018 | train_loss=0.592 | train_acc=0.702 | val_loss=0.314 | val_acc=0.895 | val_bal_acc=0.895 | val_macro_f1=0.895 | val_weighted_f1=0.895 | best=0.895 | lr_head=3.9e-04 | lr_encoder=5.9e-06 | time=36s
[MDD][ft][seed42] epoch 002/018 | train_loss=0.311 | train_acc=0.876 | val_loss=0.239 | val_acc=0.897 | val_bal_acc=0.897 | val_macro_f1=0.897 | val_weighted_f1=0.897 | best=0.897 | lr_head=3.9e-04 | lr_encoder=5.9e-06 | time=36s
[MDD][ft][seed42] epoch 003/018 | train_loss=0.170 | train_acc=0.939 | val_loss=0.226 | val_acc=0.922 | val_bal_acc=0.922 | val_macro_f1=0.922 | val_weighted_f1=0.922 | best=0.922 | lr_head=3.9e-04 | lr_encoder=5.9e-06 | time=43s
[MDD][ft][seed42] epoch 004/018 | train_loss=0.097 | train_acc=0.963 | val_loss=0.267 | val_acc=0.917 | val_bal_acc=0.917 | val_macro_f1=0.917 | val_weighted_f1=0.917 | best=0.922 | lr_head=3.9e-04 | lr_encoder=5.9e-06 | time=7s
[MDD][ft][seed42] epoch 005/018 | train_loss=0.052 | train_acc=0.983 | val_loss=0.312 | val_acc=0.930 | val_bal_acc=0.930 | val_macro_f1=0.930 | val_weighted_f1=0.930 | best=0.930 | lr_head=3.9e-04 | lr_encoder=5.9e-06 | time=35s
[MDD][ft][seed42] epoch 006/018 | train_loss=0.024 | train_acc=0.993 | val_loss=0.362 | val_acc=0.919 | val_bal_acc=0.919 | val_macro_f1=0.919 | val_weighted_f1=0.919 | best=0.930 | lr_head=3.9e-04 | lr_encoder=5.9e-06 | time=6s
[MDD][ft][seed42] epoch 007/018 | train_loss=0.023 | train_acc=0.993 | val_loss=0.402 | val_acc=0.912 | val_bal_acc=0.912 | val_macro_f1=0.912 | val_weighted_f1=0.912 | best=0.930 | lr_head=3.9e-04 | lr_encoder=5.9e-06 | time=6s
[MDD][ft][seed42] epoch 008/018 | train_loss=0.003 | train_acc=0.999 | val_loss=0.480 | val_acc=0.917 | val_bal_acc=0.917 | val_macro_f1=0.917 | val_weighted_f1=0.917 | best=0.930 | lr_head=3.9e-04 | lr_encoder=5.9e-06 | time=6s
[MDD][ft][seed42] epoch 009/018 | train_loss=0.009 | train_acc=0.998 | val_loss=0.423 | val_acc=0.925 | val_bal_acc=0.925 | val_macro_f1=0.925 | val_weighted_f1=0.925 | best=0.930 | lr_head=3.9e-04 | lr_encoder=5.9e-06 | time=6s
[MDD][ft][seed42] epoch 010/018 | train_loss=0.008 | train_acc=0.998 | val_loss=0.392 | val_acc=0.925 | val_bal_acc=0.925 | val_macro_f1=0.925 | val_weighted_f1=0.925 | best=0.930 | lr_head=1.9e-04 | lr_encoder=2.9e-06 | time=6s
[MDD][ft][seed42] epoch 011/018 | train_loss=0.001 | train_acc=0.999 | val_loss=0.376 | val_acc=0.925 | val_bal_acc=0.925 | val_macro_f1=0.925 | val_weighted_f1=0.925 | best=0.930 | lr_head=1.9e-04 | lr_encoder=2.9e-06 | time=7s
Stage ft finished due to patience limit.
========== TRIAL_DONE dataset=MDD mode=ft seed=42 trial=5 best_val_bal_acc=0.930 ==========
[I 2026-05-22 12:42:43,255] Trial 5 finished with value: 0.9296875 and parameters: {'task.classifier.dropout': 0.19755873472654634, 'task.fine_tuning.optimizer.weight_decay': 0.0011806102337927084, 'task.fine_tuning.encoder_lr': 5.892993052437516e-06, 'task.fine_tuning.head_lr': 0.0003882993051897628}. Best is trial 2 with value: 0.9359375.
Trial 6 starting with params: {'task.classifier.dropout': 0.19142024427594573, 'task.fine_tuning.optimizer.weight_decay': 2.4950074608008788e-06, 'task.fine_tuning.encoder_lr': 8.595634248966755e-06, 'task.fine_tuning.head_lr': 8.781925633759272e-05}
========== TRIAL_START dataset=MDD mode=ft seed=42 trial=6 device=cuda:0 ==========
Loading encoder from local HF directory: /mnt/dataset3/nzh/eeg_FM/reve_eeg/checkpoints/reve-base

Loading weights:   0%|          | 0/140 [00:00<?, ?it/s]
Loading weights:   2%|▏         | 3/140 [00:00<00:31,  4.32it/s]
Loading weights:   4%|▍         | 6/140 [00:02<00:59,  2.27it/s]
Loading weights:   5%|▌         | 7/140 [00:03<01:20,  1.66it/s]
Loading weights:  11%|█         | 15/140 [00:05<00:40,  3.12it/s]
Loading weights:  13%|█▎        | 18/140 [00:09<01:11,  1.71it/s]
Loading weights:  14%|█▎        | 19/140 [00:10<01:16,  1.59it/s]
Loading weights:  15%|█▌        | 21/140 [00:12<01:24,  1.41it/s]
Loading weights:  24%|██▍       | 34/140 [00:12<00:28,  3.76it/s]
Loading weights:  27%|██▋       | 38/140 [00:14<00:27,  3.66it/s]
Loading weights:  28%|██▊       | 39/140 [00:14<00:27,  3.71it/s]
Loading weights:  31%|███▏      | 44/140 [00:16<00:31,  3.06it/s]
Loading weights:  34%|███▍      | 48/140 [00:18<00:35,  2.58it/s]
Loading weights:  35%|███▌      | 49/140 [00:21<00:56,  1.61it/s]
Loading weights:  36%|███▌      | 50/140 [00:24<01:21,  1.10it/s]
Loading weights:  36%|███▋      | 51/140 [00:25<01:21,  1.09it/s]
Loading weights:  50%|█████     | 70/140 [00:26<00:16,  4.23it/s]
Loading weights:  51%|█████     | 71/140 [00:27<00:19,  3.61it/s]
Loading weights:  51%|█████▏    | 72/140 [00:28<00:23,  2.90it/s]
Loading weights:  52%|█████▏    | 73/140 [00:32<00:40,  1.64it/s]
Loading weights:  61%|██████▏   | 86/140 [00:33<00:14,  3.60it/s]
Loading weights:  62%|██████▏   | 87/140 [00:34<00:17,  3.10it/s]
Loading weights:  69%|██████▊   | 96/140 [00:35<00:10,  4.26it/s]
Loading weights:  69%|██████▉   | 97/140 [00:36<00:12,  3.52it/s]
Loading weights:  70%|███████   | 98/140 [00:37<00:15,  2.75it/s]
Loading weights:  76%|███████▋  | 107/140 [00:41<00:13,  2.36it/s]
Loading weights:  86%|████████▋ | 121/140 [00:42<00:04,  4.32it/s]
Loading weights:  87%|████████▋ | 122/140 [00:43<00:05,  3.56it/s]
Loading weights:  88%|████████▊ | 123/140 [00:45<00:05,  2.91it/s]
Loading weights:  94%|█████████▎| 131/140 [00:46<00:02,  4.14it/s]
Loading weights: 100%|██████████| 140/140 [00:46<00:00,  3.04it/s]
Detected input shape: Chans=20, Timepoints=200
Loading cls_query_token from pretrained REVE weights
>>> Setup Fine-Tuning (FT) for trial 6
Starting training stage: ft for 18 epochs. Device: cuda:0
[MDD][ft][seed42] epoch 001/018 | train_loss=0.582 | train_acc=0.701 | val_loss=0.395 | val_acc=0.856 | val_bal_acc=0.856 | val_macro_f1=0.856 | val_weighted_f1=0.856 | best=0.856 | lr_head=8.8e-05 | lr_encoder=8.6e-06 | time=51s
[MDD][ft][seed42] epoch 002/018 | train_loss=0.395 | train_acc=0.790 | val_loss=0.287 | val_acc=0.875 | val_bal_acc=0.875 | val_macro_f1=0.875 | val_weighted_f1=0.875 | best=0.875 | lr_head=8.8e-05 | lr_encoder=8.6e-06 | time=41s
[MDD][ft][seed42] epoch 003/018 | train_loss=0.230 | train_acc=0.920 | val_loss=0.245 | val_acc=0.903 | val_bal_acc=0.903 | val_macro_f1=0.903 | val_weighted_f1=0.903 | best=0.903 | lr_head=8.8e-05 | lr_encoder=8.6e-06 | time=38s
[MDD][ft][seed42] epoch 004/018 | train_loss=0.107 | train_acc=0.963 | val_loss=0.319 | val_acc=0.911 | val_bal_acc=0.911 | val_macro_f1=0.911 | val_weighted_f1=0.911 | best=0.911 | lr_head=8.8e-05 | lr_encoder=8.6e-06 | time=43s
[MDD][ft][seed42] epoch 005/018 | train_loss=0.053 | train_acc=0.981 | val_loss=0.308 | val_acc=0.923 | val_bal_acc=0.923 | val_macro_f1=0.923 | val_weighted_f1=0.923 | best=0.923 | lr_head=8.8e-05 | lr_encoder=8.6e-06 | time=40s
[MDD][ft][seed42] epoch 006/018 | train_loss=0.033 | train_acc=0.991 | val_loss=0.432 | val_acc=0.903 | val_bal_acc=0.903 | val_macro_f1=0.903 | val_weighted_f1=0.903 | best=0.923 | lr_head=8.8e-05 | lr_encoder=8.6e-06 | time=7s
[MDD][ft][seed42] epoch 007/018 | train_loss=0.019 | train_acc=0.995 | val_loss=0.429 | val_acc=0.909 | val_bal_acc=0.909 | val_macro_f1=0.909 | val_weighted_f1=0.909 | best=0.923 | lr_head=8.8e-05 | lr_encoder=8.6e-06 | time=7s
[MDD][ft][seed42] epoch 008/018 | train_loss=0.004 | train_acc=0.998 | val_loss=0.604 | val_acc=0.898 | val_bal_acc=0.898 | val_macro_f1=0.898 | val_weighted_f1=0.898 | best=0.923 | lr_head=8.8e-05 | lr_encoder=8.6e-06 | time=7s
[MDD][ft][seed42] epoch 009/018 | train_loss=0.000 | train_acc=1.000 | val_loss=0.423 | val_acc=0.928 | val_bal_acc=0.928 | val_macro_f1=0.928 | val_weighted_f1=0.928 | best=0.928 | lr_head=8.8e-05 | lr_encoder=8.6e-06 | time=38s
[MDD][ft][seed42] epoch 010/018 | train_loss=0.000 | train_acc=1.000 | val_loss=0.437 | val_acc=0.919 | val_bal_acc=0.919 | val_macro_f1=0.919 | val_weighted_f1=0.919 | best=0.928 | lr_head=8.8e-05 | lr_encoder=8.6e-06 | time=8s
[MDD][ft][seed42] epoch 011/018 | train_loss=0.000 | train_acc=1.000 | val_loss=0.416 | val_acc=0.922 | val_bal_acc=0.922 | val_macro_f1=0.922 | val_weighted_f1=0.922 | best=0.928 | lr_head=8.8e-05 | lr_encoder=8.6e-06 | time=7s
[MDD][ft][seed42] epoch 012/018 | train_loss=0.000 | train_acc=1.000 | val_loss=0.432 | val_acc=0.922 | val_bal_acc=0.922 | val_macro_f1=0.922 | val_weighted_f1=0.922 | best=0.928 | lr_head=8.8e-05 | lr_encoder=8.6e-06 | time=8s
[MDD][ft][seed42] epoch 013/018 | train_loss=0.000 | train_acc=1.000 | val_loss=0.429 | val_acc=0.928 | val_bal_acc=0.928 | val_macro_f1=0.928 | val_weighted_f1=0.928 | best=0.928 | lr_head=8.8e-05 | lr_encoder=8.6e-06 | time=39s
[MDD][ft][seed42] epoch 014/018 | train_loss=0.000 | train_acc=1.000 | val_loss=0.435 | val_acc=0.930 | val_bal_acc=0.930 | val_macro_f1=0.930 | val_weighted_f1=0.930 | best=0.930 | lr_head=4.4e-05 | lr_encoder=4.3e-06 | time=46s
[MDD][ft][seed42] epoch 015/018 | train_loss=0.000 | train_acc=1.000 | val_loss=0.436 | val_acc=0.930 | val_bal_acc=0.930 | val_macro_f1=0.930 | val_weighted_f1=0.930 | best=0.930 | lr_head=4.4e-05 | lr_encoder=4.3e-06 | time=7s
[MDD][ft][seed42] epoch 016/018 | train_loss=0.000 | train_acc=1.000 | val_loss=0.440 | val_acc=0.930 | val_bal_acc=0.930 | val_macro_f1=0.930 | val_weighted_f1=0.930 | best=0.930 | lr_head=4.4e-05 | lr_encoder=4.3e-06 | time=7s
[MDD][ft][seed42] epoch 017/018 | train_loss=0.000 | train_acc=1.000 | val_loss=0.444 | val_acc=0.930 | val_bal_acc=0.930 | val_macro_f1=0.930 | val_weighted_f1=0.930 | best=0.930 | lr_head=4.4e-05 | lr_encoder=4.3e-06 | time=7s
[MDD][ft][seed42] epoch 018/018 | train_loss=0.000 | train_acc=1.000 | val_loss=0.448 | val_acc=0.930 | val_bal_acc=0.930 | val_macro_f1=0.930 | val_weighted_f1=0.930 | best=0.930 | lr_head=4.4e-05 | lr_encoder=4.3e-06 | time=7s
========== TRIAL_DONE dataset=MDD mode=ft seed=42 trial=6 best_val_bal_acc=0.930 ==========
[I 2026-05-22 12:51:02,152] Trial 6 finished with value: 0.9296875 and parameters: {'task.classifier.dropout': 0.19142024427594573, 'task.fine_tuning.optimizer.weight_decay': 2.4950074608008788e-06, 'task.fine_tuning.encoder_lr': 8.595634248966755e-06, 'task.fine_tuning.head_lr': 8.781925633759272e-05}. Best is trial 2 with value: 0.9359375.
Trial 7 starting with params: {'task.classifier.dropout': 0.34234154109270126, 'task.fine_tuning.optimizer.weight_decay': 0.002831073647137301, 'task.fine_tuning.encoder_lr': 1.7991014846315e-06, 'task.fine_tuning.head_lr': 7.342585136829277e-05}
========== TRIAL_START dataset=MDD mode=ft seed=42 trial=7 device=cuda:0 ==========
Loading encoder from local HF directory: /mnt/dataset3/nzh/eeg_FM/reve_eeg/checkpoints/reve-base

Loading weights:   0%|          | 0/140 [00:00<?, ?it/s]
Loading weights:   6%|▋         | 9/140 [00:01<00:15,  8.70it/s]
Loading weights:   9%|▉         | 13/140 [00:01<00:17,  7.07it/s]
Loading weights:  10%|█         | 14/140 [00:04<00:59,  2.13it/s]
Loading weights:  14%|█▍        | 20/140 [00:07<00:59,  2.02it/s]
Loading weights:  15%|█▌        | 21/140 [00:08<01:01,  1.92it/s]
Loading weights:  16%|█▌        | 22/140 [00:09<01:04,  1.82it/s]
Loading weights:  22%|██▏       | 31/140 [00:10<00:29,  3.72it/s]
Loading weights:  23%|██▎       | 32/140 [00:11<00:38,  2.84it/s]
Loading weights:  24%|██▍       | 34/140 [00:11<00:32,  3.30it/s]
Loading weights:  26%|██▋       | 37/140 [00:13<00:41,  2.47it/s]
Loading weights:  27%|██▋       | 38/140 [00:15<01:03,  1.59it/s]
Loading weights:  28%|██▊       | 39/140 [00:16<01:08,  1.47it/s]
Loading weights:  35%|███▌      | 49/140 [00:17<00:26,  3.41it/s]
Loading weights:  36%|███▌      | 50/140 [00:18<00:31,  2.84it/s]
Loading weights:  39%|███▊      | 54/140 [00:19<00:28,  3.00it/s]
Loading weights:  39%|███▉      | 55/140 [00:22<00:44,  1.89it/s]
Loading weights:  46%|████▋     | 65/140 [00:26<00:34,  2.15it/s]
Loading weights:  47%|████▋     | 66/140 [00:27<00:37,  1.98it/s]
Loading weights:  49%|████▊     | 68/140 [00:28<00:37,  1.92it/s]
Loading weights:  49%|████▉     | 69/140 [00:28<00:34,  2.05it/s]
Loading weights:  50%|█████     | 70/140 [00:29<00:36,  1.91it/s]
Loading weights:  51%|█████     | 71/140 [00:31<00:55,  1.25it/s]
Loading weights:  51%|█████▏    | 72/140 [00:32<01:01,  1.11it/s]
Loading weights:  52%|█████▏    | 73/140 [00:35<01:18,  1.18s/it]
Loading weights:  53%|█████▎    | 74/140 [00:37<01:33,  1.41s/it]
Loading weights:  57%|█████▋    | 80/140 [00:38<00:34,  1.75it/s]
Loading weights:  79%|███████▊  | 110/140 [00:41<00:05,  5.58it/s]
Loading weights:  81%|████████▏ | 114/140 [00:41<00:04,  6.15it/s]
Loading weights:  87%|████████▋ | 122/140 [00:43<00:03,  5.44it/s]
Loading weights:  88%|████████▊ | 123/140 [00:45<00:03,  4.32it/s]
Loading weights:  89%|████████▊ | 124/140 [00:45<00:04,  3.60it/s]
Loading weights: 100%|██████████| 140/140 [00:45<00:00,  3.09it/s]
Detected input shape: Chans=20, Timepoints=200
Loading cls_query_token from pretrained REVE weights
>>> Setup Fine-Tuning (FT) for trial 7
Starting training stage: ft for 18 epochs. Device: cuda:0
[MDD][ft][seed42] epoch 001/018 | train_loss=0.756 | train_acc=0.537 | val_loss=0.573 | val_acc=0.812 | val_bal_acc=0.812 | val_macro_f1=0.812 | val_weighted_f1=0.812 | best=0.812 | lr_head=7.3e-05 | lr_encoder=1.8e-06 | time=38s
[MDD][ft][seed42] epoch 002/018 | train_loss=0.569 | train_acc=0.721 | val_loss=0.445 | val_acc=0.836 | val_bal_acc=0.836 | val_macro_f1=0.835 | val_weighted_f1=0.835 | best=0.836 | lr_head=7.3e-05 | lr_encoder=1.8e-06 | time=40s
[MDD][ft][seed42] epoch 003/018 | train_loss=0.465 | train_acc=0.798 | val_loss=0.359 | val_acc=0.869 | val_bal_acc=0.869 | val_macro_f1=0.869 | val_weighted_f1=0.869 | best=0.869 | lr_head=7.3e-05 | lr_encoder=1.8e-06 | time=45s
[MDD][ft][seed42] epoch 004/018 | train_loss=0.380 | train_acc=0.841 | val_loss=0.303 | val_acc=0.861 | val_bal_acc=0.861 | val_macro_f1=0.861 | val_weighted_f1=0.861 | best=0.869 | lr_head=7.3e-05 | lr_encoder=1.8e-06 | time=6s
[MDD][ft][seed42] epoch 005/018 | train_loss=0.318 | train_acc=0.869 | val_loss=0.280 | val_acc=0.873 | val_bal_acc=0.873 | val_macro_f1=0.873 | val_weighted_f1=0.873 | best=0.873 | lr_head=7.3e-05 | lr_encoder=1.8e-06 | time=38s
[MDD][ft][seed42] epoch 006/018 | train_loss=0.243 | train_acc=0.894 | val_loss=0.259 | val_acc=0.889 | val_bal_acc=0.889 | val_macro_f1=0.889 | val_weighted_f1=0.889 | best=0.889 | lr_head=7.3e-05 | lr_encoder=1.8e-06 | time=41s
[MDD][ft][seed42] epoch 007/018 | train_loss=0.179 | train_acc=0.941 | val_loss=0.240 | val_acc=0.900 | val_bal_acc=0.900 | val_macro_f1=0.900 | val_weighted_f1=0.900 | best=0.900 | lr_head=7.3e-05 | lr_encoder=1.8e-06 | time=51s
[MDD][ft][seed42] epoch 008/018 | train_loss=0.142 | train_acc=0.955 | val_loss=0.249 | val_acc=0.902 | val_bal_acc=0.902 | val_macro_f1=0.902 | val_weighted_f1=0.902 | best=0.902 | lr_head=7.3e-05 | lr_encoder=1.8e-06 | time=37s
[MDD][ft][seed42] epoch 009/018 | train_loss=0.104 | train_acc=0.966 | val_loss=0.248 | val_acc=0.906 | val_bal_acc=0.906 | val_macro_f1=0.906 | val_weighted_f1=0.906 | best=0.906 | lr_head=7.3e-05 | lr_encoder=1.8e-06 | time=44s
[MDD][ft][seed42] epoch 010/018 | train_loss=0.082 | train_acc=0.972 | val_loss=0.264 | val_acc=0.900 | val_bal_acc=0.900 | val_macro_f1=0.900 | val_weighted_f1=0.900 | best=0.906 | lr_head=7.3e-05 | lr_encoder=1.8e-06 | time=6s
[MDD][ft][seed42] epoch 011/018 | train_loss=0.058 | train_acc=0.989 | val_loss=0.329 | val_acc=0.894 | val_bal_acc=0.894 | val_macro_f1=0.894 | val_weighted_f1=0.894 | best=0.906 | lr_head=7.3e-05 | lr_encoder=1.8e-06 | time=8s
[MDD][ft][seed42] epoch 012/018 | train_loss=0.042 | train_acc=0.990 | val_loss=0.314 | val_acc=0.911 | val_bal_acc=0.911 | val_macro_f1=0.911 | val_weighted_f1=0.911 | best=0.911 | lr_head=7.3e-05 | lr_encoder=1.8e-06 | time=37s
[MDD][ft][seed42] epoch 013/018 | train_loss=0.027 | train_acc=0.992 | val_loss=0.343 | val_acc=0.914 | val_bal_acc=0.914 | val_macro_f1=0.914 | val_weighted_f1=0.914 | best=0.914 | lr_head=7.3e-05 | lr_encoder=1.8e-06 | time=36s
[MDD][ft][seed42] epoch 014/018 | train_loss=0.022 | train_acc=0.993 | val_loss=0.372 | val_acc=0.916 | val_bal_acc=0.916 | val_macro_f1=0.916 | val_weighted_f1=0.916 | best=0.916 | lr_head=7.3e-05 | lr_encoder=1.8e-06 | time=46s
[MDD][ft][seed42] epoch 015/018 | train_loss=0.013 | train_acc=0.997 | val_loss=0.378 | val_acc=0.914 | val_bal_acc=0.914 | val_macro_f1=0.914 | val_weighted_f1=0.914 | best=0.916 | lr_head=7.3e-05 | lr_encoder=1.8e-06 | time=7s
[MDD][ft][seed42] epoch 016/018 | train_loss=0.015 | train_acc=0.997 | val_loss=0.395 | val_acc=0.916 | val_bal_acc=0.916 | val_macro_f1=0.916 | val_weighted_f1=0.916 | best=0.916 | lr_head=7.3e-05 | lr_encoder=1.8e-06 | time=37s
[MDD][ft][seed42] epoch 017/018 | train_loss=0.012 | train_acc=0.997 | val_loss=0.411 | val_acc=0.909 | val_bal_acc=0.909 | val_macro_f1=0.909 | val_weighted_f1=0.909 | best=0.916 | lr_head=7.3e-05 | lr_encoder=1.8e-06 | time=9s
[MDD][ft][seed42] epoch 018/018 | train_loss=0.006 | train_acc=0.997 | val_loss=0.434 | val_acc=0.914 | val_bal_acc=0.914 | val_macro_f1=0.914 | val_weighted_f1=0.914 | best=0.916 | lr_head=7.3e-05 | lr_encoder=1.8e-06 | time=6s
========== TRIAL_DONE dataset=MDD mode=ft seed=42 trial=7 best_val_bal_acc=0.916 ==========
[I 2026-05-22 13:01:30,748] Trial 7 finished with value: 0.915625 and parameters: {'task.classifier.dropout': 0.34234154109270126, 'task.fine_tuning.optimizer.weight_decay': 0.002831073647137301, 'task.fine_tuning.encoder_lr': 1.7991014846315e-06, 'task.fine_tuning.head_lr': 7.342585136829277e-05}. Best is trial 2 with value: 0.9359375.
Trial 8 starting with params: {'task.classifier.dropout': 0.2082200161563777, 'task.fine_tuning.optimizer.weight_decay': 6.732773367862679e-05, 'task.fine_tuning.encoder_lr': 6.861796657295869e-06, 'task.fine_tuning.head_lr': 0.00026421421712788916}
========== TRIAL_START dataset=MDD mode=ft seed=42 trial=8 device=cuda:0 ==========
Loading encoder from local HF directory: /mnt/dataset3/nzh/eeg_FM/reve_eeg/checkpoints/reve-base

Loading weights:   0%|          | 0/140 [00:00<?, ?it/s]
Loading weights:   5%|▌         | 7/140 [00:00<00:13, 10.21it/s]
Loading weights:   6%|▋         | 9/140 [00:01<00:24,  5.30it/s]
Loading weights:   7%|▋         | 10/140 [00:06<02:21,  1.09s/it]
Loading weights:  15%|█▌        | 21/140 [00:09<00:48,  2.47it/s]
Loading weights:  16%|█▌        | 22/140 [00:09<00:50,  2.31it/s]
Loading weights:  18%|█▊        | 25/140 [00:11<00:53,  2.14it/s]
Loading weights:  23%|██▎       | 32/140 [00:12<00:36,  2.93it/s]
Loading weights:  24%|██▎       | 33/140 [00:15<01:00,  1.77it/s]
Loading weights:  24%|██▍       | 34/140 [00:16<01:07,  1.58it/s]
Loading weights:  34%|███▍      | 48/140 [00:18<00:27,  3.32it/s]
Loading weights:  38%|███▊      | 53/140 [00:19<00:23,  3.66it/s]
Loading weights:  40%|████      | 56/140 [00:21<00:26,  3.23it/s]
Loading weights:  42%|████▏     | 59/140 [00:22<00:30,  2.65it/s]
Loading weights:  48%|████▊     | 67/140 [00:26<00:31,  2.30it/s]
Loading weights:  49%|████▊     | 68/140 [00:27<00:34,  2.11it/s]
Loading weights:  49%|████▉     | 69/140 [00:30<00:44,  1.58it/s]
Loading weights:  50%|█████     | 70/140 [00:31<00:48,  1.43it/s]
Loading weights:  51%|█████     | 71/140 [00:31<00:43,  1.59it/s]
Loading weights:  53%|█████▎    | 74/140 [00:32<00:31,  2.08it/s]
Loading weights:  54%|█████▎    | 75/140 [00:34<00:48,  1.35it/s]
Loading weights:  54%|█████▍    | 76/140 [00:35<00:52,  1.22it/s]
Loading weights:  56%|█████▌    | 78/140 [00:35<00:35,  1.72it/s]
Loading weights:  74%|███████▎  | 103/140 [00:37<00:05,  6.43it/s]
Loading weights:  74%|███████▍  | 104/140 [00:40<00:08,  4.21it/s]
Loading weights:  75%|███████▌  | 105/140 [00:41<00:12,  2.80it/s]
Loading weights:  76%|███████▌  | 106/140 [00:42<00:13,  2.46it/s]
Loading weights:  76%|███████▋  | 107/140 [00:45<00:20,  1.64it/s]
Loading weights:  78%|███████▊  | 109/140 [00:46<00:17,  1.72it/s]
Loading weights: 100%|██████████| 140/140 [00:46<00:00,  3.03it/s]
Detected input shape: Chans=20, Timepoints=200
Loading cls_query_token from pretrained REVE weights
>>> Setup Fine-Tuning (FT) for trial 8
Starting training stage: ft for 18 epochs. Device: cuda:0
[MDD][ft][seed42] epoch 001/018 | train_loss=0.565 | train_acc=0.730 | val_loss=0.329 | val_acc=0.859 | val_bal_acc=0.859 | val_macro_f1=0.859 | val_weighted_f1=0.859 | best=0.859 | lr_head=2.6e-04 | lr_encoder=6.9e-06 | time=54s
[MDD][ft][seed42] epoch 002/018 | train_loss=0.317 | train_acc=0.871 | val_loss=0.235 | val_acc=0.894 | val_bal_acc=0.894 | val_macro_f1=0.894 | val_weighted_f1=0.894 | best=0.894 | lr_head=2.6e-04 | lr_encoder=6.9e-06 | time=58s
[MDD][ft][seed42] epoch 003/018 | train_loss=0.198 | train_acc=0.920 | val_loss=0.231 | val_acc=0.912 | val_bal_acc=0.912 | val_macro_f1=0.912 | val_weighted_f1=0.912 | best=0.912 | lr_head=2.6e-04 | lr_encoder=6.9e-06 | time=47s
[MDD][ft][seed42] epoch 004/018 | train_loss=0.107 | train_acc=0.959 | val_loss=0.265 | val_acc=0.919 | val_bal_acc=0.919 | val_macro_f1=0.919 | val_weighted_f1=0.919 | best=0.919 | lr_head=2.6e-04 | lr_encoder=6.9e-06 | time=60s
[MDD][ft][seed42] epoch 005/018 | train_loss=0.080 | train_acc=0.970 | val_loss=0.431 | val_acc=0.902 | val_bal_acc=0.902 | val_macro_f1=0.902 | val_weighted_f1=0.902 | best=0.919 | lr_head=2.6e-04 | lr_encoder=6.9e-06 | time=15s
[MDD][ft][seed42] epoch 006/018 | train_loss=0.061 | train_acc=0.980 | val_loss=0.401 | val_acc=0.909 | val_bal_acc=0.909 | val_macro_f1=0.909 | val_weighted_f1=0.909 | best=0.919 | lr_head=2.6e-04 | lr_encoder=6.9e-06 | time=9s
[MDD][ft][seed42] epoch 007/018 | train_loss=0.045 | train_acc=0.985 | val_loss=0.422 | val_acc=0.909 | val_bal_acc=0.909 | val_macro_f1=0.909 | val_weighted_f1=0.909 | best=0.919 | lr_head=2.6e-04 | lr_encoder=6.9e-06 | time=11s
[MDD][ft][seed42] epoch 008/018 | train_loss=0.035 | train_acc=0.990 | val_loss=0.589 | val_acc=0.900 | val_bal_acc=0.900 | val_macro_f1=0.900 | val_weighted_f1=0.900 | best=0.919 | lr_head=2.6e-04 | lr_encoder=6.9e-06 | time=9s
[MDD][ft][seed42] epoch 009/018 | train_loss=0.008 | train_acc=0.997 | val_loss=0.611 | val_acc=0.898 | val_bal_acc=0.898 | val_macro_f1=0.898 | val_weighted_f1=0.898 | best=0.919 | lr_head=1.3e-04 | lr_encoder=3.4e-06 | time=7s
[MDD][ft][seed42] epoch 010/018 | train_loss=0.014 | train_acc=0.995 | val_loss=0.631 | val_acc=0.897 | val_bal_acc=0.897 | val_macro_f1=0.897 | val_weighted_f1=0.897 | best=0.919 | lr_head=1.3e-04 | lr_encoder=3.4e-06 | time=11s
Stage ft finished due to patience limit.
========== TRIAL_DONE dataset=MDD mode=ft seed=42 trial=8 best_val_bal_acc=0.919 ==========
[I 2026-05-22 13:08:00,958] Trial 8 finished with value: 0.91875 and parameters: {'task.classifier.dropout': 0.2082200161563777, 'task.fine_tuning.optimizer.weight_decay': 6.732773367862679e-05, 'task.fine_tuning.encoder_lr': 6.861796657295869e-06, 'task.fine_tuning.head_lr': 0.00026421421712788916}. Best is trial 2 with value: 0.9359375.
Trial 9 starting with params: {'task.classifier.dropout': 0.24917413120368154, 'task.fine_tuning.optimizer.weight_decay': 0.00023855088970439487, 'task.fine_tuning.encoder_lr': 2.1235060563193573e-06, 'task.fine_tuning.head_lr': 5.379496323418661e-05}
========== TRIAL_START dataset=MDD mode=ft seed=42 trial=9 device=cuda:0 ==========
Loading encoder from local HF directory: /mnt/dataset3/nzh/eeg_FM/reve_eeg/checkpoints/reve-base

Loading weights:   0%|          | 0/140 [00:00<?, ?it/s]
Loading weights:   1%|▏         | 2/140 [00:00<00:10, 13.65it/s]
Loading weights:   9%|▊         | 12/140 [00:00<00:05, 23.90it/s]
Loading weights:  11%|█         | 15/140 [00:01<00:20,  6.14it/s]
Loading weights:  12%|█▏        | 17/140 [00:02<00:20,  5.95it/s]
Loading weights:  13%|█▎        | 18/140 [00:03<00:42,  2.84it/s]
Loading weights:  14%|█▍        | 20/140 [00:04<00:36,  3.25it/s]
Loading weights:  16%|█▋        | 23/140 [00:05<00:38,  3.04it/s]
Loading weights:  17%|█▋        | 24/140 [00:05<00:41,  2.83it/s]
Loading weights:  28%|██▊       | 39/140 [00:06<00:11,  8.66it/s]
Loading weights:  29%|██▉       | 41/140 [00:07<00:17,  5.56it/s]
Loading weights:  30%|███       | 42/140 [00:08<00:20,  4.86it/s]
Loading weights:  34%|███▎      | 47/140 [00:09<00:23,  3.91it/s]
Loading weights:  42%|████▏     | 59/140 [00:11<00:13,  6.11it/s]
Loading weights:  44%|████▍     | 62/140 [00:14<00:25,  3.02it/s]
Loading weights:  49%|████▉     | 69/140 [00:15<00:19,  3.67it/s]
Loading weights:  56%|█████▋    | 79/140 [00:15<00:10,  5.98it/s]
Loading weights:  58%|█████▊    | 81/140 [00:17<00:14,  3.96it/s]
Loading weights:  64%|██████▎   | 89/140 [00:18<00:10,  4.95it/s]
Loading weights:  65%|██████▌   | 91/140 [00:22<00:18,  2.66it/s]
Loading weights:  66%|██████▋   | 93/140 [00:24<00:22,  2.10it/s]
Loading weights:  75%|███████▌  | 105/140 [00:25<00:08,  3.90it/s]
Loading weights:  76%|███████▌  | 106/140 [00:26<00:10,  3.19it/s]
Loading weights:  76%|███████▋  | 107/140 [00:29<00:17,  1.85it/s]
Loading weights:  77%|███████▋  | 108/140 [00:32<00:26,  1.21it/s]
Loading weights: 100%|██████████| 140/140 [00:32<00:00,  4.26it/s]
Detected input shape: Chans=20, Timepoints=200
Loading cls_query_token from pretrained REVE weights
>>> Setup Fine-Tuning (FT) for trial 9
Starting training stage: ft for 18 epochs. Device: cuda:0
[MDD][ft][seed42] epoch 001/018 | train_loss=0.729 | train_acc=0.571 | val_loss=0.537 | val_acc=0.831 | val_bal_acc=0.831 | val_macro_f1=0.831 | val_weighted_f1=0.831 | best=0.831 | lr_head=5.4e-05 | lr_encoder=2.1e-06 | time=36s
[MDD][ft][seed42] epoch 002/018 | train_loss=0.551 | train_acc=0.731 | val_loss=0.409 | val_acc=0.841 | val_bal_acc=0.841 | val_macro_f1=0.840 | val_weighted_f1=0.840 | best=0.841 | lr_head=5.4e-05 | lr_encoder=2.1e-06 | time=83s
[MDD][ft][seed42] epoch 003/018 | train_loss=0.431 | train_acc=0.817 | val_loss=0.337 | val_acc=0.873 | val_bal_acc=0.873 | val_macro_f1=0.873 | val_weighted_f1=0.873 | best=0.873 | lr_head=5.4e-05 | lr_encoder=2.1e-06 | time=105s
[MDD][ft][seed42] epoch 004/018 | train_loss=0.351 | train_acc=0.859 | val_loss=0.297 | val_acc=0.878 | val_bal_acc=0.878 | val_macro_f1=0.878 | val_weighted_f1=0.878 | best=0.878 | lr_head=5.4e-05 | lr_encoder=2.1e-06 | time=67s
[MDD][ft][seed42] epoch 005/018 | train_loss=0.280 | train_acc=0.880 | val_loss=0.273 | val_acc=0.881 | val_bal_acc=0.881 | val_macro_f1=0.881 | val_weighted_f1=0.881 | best=0.881 | lr_head=5.4e-05 | lr_encoder=2.1e-06 | time=40s
[MDD][ft][seed42] epoch 006/018 | train_loss=0.210 | train_acc=0.924 | val_loss=0.274 | val_acc=0.889 | val_bal_acc=0.889 | val_macro_f1=0.889 | val_weighted_f1=0.889 | best=0.889 | lr_head=5.4e-05 | lr_encoder=2.1e-06 | time=37s
[MDD][ft][seed42] epoch 007/018 | train_loss=0.157 | train_acc=0.942 | val_loss=0.285 | val_acc=0.883 | val_bal_acc=0.883 | val_macro_f1=0.883 | val_weighted_f1=0.883 | best=0.889 | lr_head=5.4e-05 | lr_encoder=2.1e-06 | time=7s
[MDD][ft][seed42] epoch 008/018 | train_loss=0.131 | train_acc=0.955 | val_loss=0.266 | val_acc=0.908 | val_bal_acc=0.908 | val_macro_f1=0.908 | val_weighted_f1=0.908 | best=0.908 | lr_head=5.4e-05 | lr_encoder=2.1e-06 | time=51s
[MDD][ft][seed42] epoch 009/018 | train_loss=0.091 | train_acc=0.973 | val_loss=0.282 | val_acc=0.897 | val_bal_acc=0.897 | val_macro_f1=0.897 | val_weighted_f1=0.897 | best=0.908 | lr_head=5.4e-05 | lr_encoder=2.1e-06 | time=12s
[MDD][ft][seed42] epoch 010/018 | train_loss=0.070 | train_acc=0.976 | val_loss=0.353 | val_acc=0.889 | val_bal_acc=0.889 | val_macro_f1=0.889 | val_weighted_f1=0.889 | best=0.908 | lr_head=5.4e-05 | lr_encoder=2.1e-06 | time=12s
[MDD][ft][seed42] epoch 011/018 | train_loss=0.052 | train_acc=0.983 | val_loss=0.388 | val_acc=0.891 | val_bal_acc=0.891 | val_macro_f1=0.891 | val_weighted_f1=0.891 | best=0.908 | lr_head=5.4e-05 | lr_encoder=2.1e-06 | time=18s
[MDD][ft][seed42] epoch 012/018 | train_loss=0.032 | train_acc=0.989 | val_loss=0.390 | val_acc=0.903 | val_bal_acc=0.903 | val_macro_f1=0.903 | val_weighted_f1=0.903 | best=0.908 | lr_head=5.4e-05 | lr_encoder=2.1e-06 | time=16s
[MDD][ft][seed42] epoch 013/018 | train_loss=0.025 | train_acc=0.991 | val_loss=0.398 | val_acc=0.895 | val_bal_acc=0.895 | val_macro_f1=0.895 | val_weighted_f1=0.895 | best=0.908 | lr_head=2.7e-05 | lr_encoder=1.1e-06 | time=18s
[MDD][ft][seed42] epoch 014/018 | train_loss=0.021 | train_acc=0.993 | val_loss=0.423 | val_acc=0.898 | val_bal_acc=0.898 | val_macro_f1=0.898 | val_weighted_f1=0.898 | best=0.908 | lr_head=2.7e-05 | lr_encoder=1.1e-06 | time=20s
Stage ft finished due to patience limit.
========== TRIAL_DONE dataset=MDD mode=ft seed=42 trial=9 best_val_bal_acc=0.908 ==========
[I 2026-05-22 13:19:18,566] Trial 9 finished with value: 0.9078124999999999 and parameters: {'task.classifier.dropout': 0.24917413120368154, 'task.fine_tuning.optimizer.weight_decay': 0.00023855088970439487, 'task.fine_tuning.encoder_lr': 2.1235060563193573e-06, 'task.fine_tuning.head_lr': 5.379496323418661e-05}. Best is trial 2 with value: 0.9359375.
=== Best trial ===
  Number: 2
  Value: 0.9359375
  Params:
    task.classifier.dropout: 0.3441610493011138
    task.fine_tuning.optimizer.weight_decay: 0.004118177963244165
    task.fine_tuning.encoder_lr: 1.0655342928537133e-05
    task.fine_tuning.head_lr: 0.00015309566956566174
